<?xml version="1.0" encoding="UTF-8"?>
<!-- Generated by org.testng.reporters.JUnitReportReporter -->
<testsuite hostname="DESKTOP-4BN22KQ" failures="0" tests="2" name="variousConcepts.CrmTest2" time="14.982" errors="0" timestamp="2024-01-27T11:45:16 CST" skipped="0">
  <testcase classname="variousConcepts.CrmTest2" name="testLogin" time="11.839"/>
  <system-out/>
  <testcase classname="variousConcepts.CrmTest2" name="testAlert" time="3.143"/>
  <system-out/>
</testsuite> <!-- variousConcepts.CrmTest2 -->
