<?xml version="1.0" encoding="UTF-8"?>
<!-- Generated by org.testng.reporters.JUnitReportReporter -->
<testsuite hostname="DESKTOP-4BN22KQ" failures="0" tests="2" name="variousConcepts.CrmTest" time="16.521" errors="0" timestamp="2024-01-26T11:04:46 CST" skipped="0">
  <testcase classname="variousConcepts.CrmTest" name="testLogin" time="12.274"/>
  <system-out/>
  <testcase classname="variousConcepts.CrmTest" name="testAlert" time="4.247"/>
  <system-out/>
</testsuite> <!-- variousConcepts.CrmTest -->
