<?xml version="1.0" encoding="UTF-8"?>
<!-- Generated by org.testng.reporters.JUnitReportReporter -->
<testsuite hostname="DESKTOP-4BN22KQ" failures="0" tests="2" name="variousConcepts.Parallel_Test" time="10.458" errors="0" timestamp="2024-02-01T17:10:25 CST" skipped="0">
  <testcase classname="variousConcepts.Parallel_Test" name="ChromeTest" time="3.701"/>
  <system-out/>
  <testcase classname="variousConcepts.Parallel_Test" name="EdgeTest" time="6.757"/>
  <system-out/>
</testsuite> <!-- variousConcepts.Parallel_Test -->
